<?xml version="1.0" encoding="UTF-8"?>
<coverage generated="1568252445445" clover="3.2.0">
  <project timestamp="1568252445445" name="All files">
    <metrics statements="40" coveredstatements="22" conditionals="8" coveredconditionals="1" methods="14" coveredmethods="4" elements="62" coveredelements="27" complexity="0" loc="40" ncloc="40" packages="4" files="5" classes="5"/>
    <package name="actions">
      <metrics statements="4" coveredstatements="3" conditionals="0" coveredconditionals="0" methods="4" coveredmethods="3"/>
      <file name="index.js" path="D:\united-remote\src\actions\index.js">
        <metrics statements="4" coveredstatements="3" conditionals="0" coveredconditionals="0" methods="4" coveredmethods="3"/>
        <line num="7" count="1" type="stmt"/>
        <line num="8" count="1" type="stmt"/>
        <line num="15" count="1" type="stmt"/>
        <line num="18" count="0" type="stmt"/>
      </file>
    </package>
    <package name="components">
      <metrics statements="28" coveredstatements="13" conditionals="4" coveredconditionals="0" methods="9" coveredmethods="0"/>
      <file name="RepositoryCard.jsx" path="D:\united-remote\src\components\RepositoryCard.jsx">
        <metrics statements="7" coveredstatements="6" conditionals="0" coveredconditionals="0" methods="1" coveredmethods="0"/>
        <line num="6" count="2" type="stmt"/>
        <line num="9" count="2" type="stmt"/>
        <line num="12" count="2" type="stmt"/>
        <line num="17" count="2" type="stmt"/>
        <line num="25" count="0" type="stmt"/>
        <line num="49" count="2" type="stmt"/>
        <line num="58" count="2" type="stmt"/>
      </file>
      <file name="RepositoryList.jsx" path="D:\united-remote\src\components\RepositoryList.jsx">
        <metrics statements="21" coveredstatements="7" conditionals="4" coveredconditionals="0" methods="8" coveredmethods="0"/>
        <line num="9" count="1" type="stmt"/>
        <line num="14" count="1" type="stmt"/>
        <line num="15" count="0" type="stmt"/>
        <line num="16" count="0" type="stmt"/>
        <line num="20" count="1" type="stmt"/>
        <line num="22" count="0" type="stmt"/>
        <line num="23" count="0" type="stmt"/>
        <line num="24" count="0" type="stmt"/>
        <line num="25" count="0" type="stmt"/>
        <line num="28" count="0" type="stmt"/>
        <line num="29" count="0" type="cond" truecount="0" falsecount="2"/>
        <line num="33" count="0" type="stmt"/>
        <line num="35" count="0" type="stmt"/>
        <line num="38" count="0" type="stmt"/>
        <line num="39" count="0" type="stmt"/>
        <line num="42" count="0" type="stmt"/>
        <line num="48" count="0" type="stmt"/>
        <line num="53" count="1" type="stmt"/>
        <line num="58" count="1" type="stmt"/>
        <line num="63" count="1" type="stmt"/>
        <line num="69" count="1" type="stmt"/>
      </file>
    </package>
    <package name="constants">
      <metrics statements="3" coveredstatements="3" conditionals="0" coveredconditionals="0" methods="0" coveredmethods="0"/>
      <file name="action-types.js" path="D:\united-remote\src\constants\action-types.js">
        <metrics statements="3" coveredstatements="3" conditionals="0" coveredconditionals="0" methods="0" coveredmethods="0"/>
        <line num="1" count="3" type="stmt"/>
        <line num="2" count="3" type="stmt"/>
        <line num="3" count="3" type="stmt"/>
      </file>
    </package>
    <package name="reducers">
      <metrics statements="5" coveredstatements="3" conditionals="4" coveredconditionals="1" methods="1" coveredmethods="1"/>
      <file name="index.js" path="D:\united-remote\src\reducers\index.js">
        <metrics statements="5" coveredstatements="3" conditionals="4" coveredconditionals="1" methods="1" coveredmethods="1"/>
        <line num="3" count="1" type="stmt"/>
        <line num="10" count="1" type="cond" truecount="1" falsecount="2"/>
        <line num="12" count="1" type="stmt"/>
        <line num="18" count="0" type="stmt"/>
        <line num="20" count="0" type="stmt"/>
      </file>
    </package>
  </project>
</coverage>
