{"D:\\united-remote\\src\\actions\\index.js": {"path":"D:\\united-remote\\src\\actions\\index.js","statementMap":{"0":{"start":{"line":7,"column":2},"end":{"line":21,"column":4}},"1":{"start":{"line":8,"column":4},"end":{"line":20,"column":8}},"2":{"start":{"line":15,"column":10},"end":{"line":15,"column":67}},"3":{"start":{"line":18,"column":10},"end":{"line":18,"column":59}}},"fnMap":{"0":{"name":"getData","decl":{"start":{"line":6,"column":16},"end":{"line":6,"column":23}},"loc":{"start":{"line":6,"column":36},"end":{"line":22,"column":1}},"line":6},"1":{"name":"(anonymous_1)","decl":{"start":{"line":7,"column":9},"end":{"line":7,"column":10}},"loc":{"start":{"line":7,"column":28},"end":{"line":21,"column":3}},"line":7},"2":{"name":"(anonymous_2)","decl":{"start":{"line":14,"column":8},"end":{"line":14,"column":9}},"loc":{"start":{"line":14,"column":15},"end":{"line":16,"column":9}},"line":14},"3":{"name":"(anonymous_3)","decl":{"start":{"line":17,"column":8},"end":{"line":17,"column":9}},"loc":{"start":{"line":17,"column":15},"end":{"line":19,"column":9}},"line":17}},"branchMap":{},"s":{"0":1,"1":1,"2":1,"3":0},"f":{"0":1,"1":1,"2":1,"3":0},"b":{},"_coverageSchema":"43e27e138ebf9cfc5966b082cf9a028302ed4184","hash":"c50b047b1c9d851605d721b6590d900fe5f9ca8f"}
,"D:\\united-remote\\src\\components\\RepositoryCard.jsx": {"path":"D:\\united-remote\\src\\components\\RepositoryCard.jsx","statementMap":{"0":{"start":{"line":6,"column":18},"end":{"line":8,"column":1}},"1":{"start":{"line":9,"column":14},"end":{"line":11,"column":1}},"2":{"start":{"line":12,"column":16},"end":{"line":15,"column":1}},"3":{"start":{"line":17,"column":23},"end":{"line":47,"column":1}},"4":{"start":{"line":25,"column":2},"end":{"line":46,"column":4}},"5":{"start":{"line":49,"column":0},"end":{"line":56,"column":2}},"6":{"start":{"line":58,"column":0},"end":{"line":65,"column":2}}},"fnMap":{"0":{"name":"(anonymous_0)","decl":{"start":{"line":17,"column":23},"end":{"line":17,"column":24}},"loc":{"start":{"line":24,"column":6},"end":{"line":47,"column":1}},"line":24}},"branchMap":{},"s":{"0":2,"1":2,"2":2,"3":2,"4":0,"5":2,"6":2},"f":{"0":0},"b":{},"_coverageSchema":"43e27e138ebf9cfc5966b082cf9a028302ed4184","hash":"6a305b8d3a618a94c5891c7e9c1325c767cfc880"}
,"D:\\united-remote\\src\\components\\RepositoryList.jsx": {"path":"D:\\united-remote\\src\\components\\RepositoryList.jsx","statementMap":{"0":{"start":{"line":9,"column":24},"end":{"line":12,"column":2}},"1":{"start":{"line":9,"column":46},"end":{"line":12,"column":1}},"2":{"start":{"line":14,"column":27},"end":{"line":18,"column":1}},"3":{"start":{"line":15,"column":2},"end":{"line":17,"column":4}},"4":{"start":{"line":16,"column":35},"end":{"line":16,"column":70}},"5":{"start":{"line":20,"column":23},"end":{"line":52,"column":1}},"6":{"start":{"line":22,"column":17},"end":{"line":22,"column":27}},"7":{"start":{"line":23,"column":4},"end":{"line":23,"column":38}},"8":{"start":{"line":24,"column":23},"end":{"line":24,"column":55}},"9":{"start":{"line":25,"column":4},"end":{"line":25,"column":30}},"10":{"start":{"line":28,"column":2},"end":{"line":36,"column":10}},"11":{"start":{"line":29,"column":4},"end":{"line":34,"column":5}},"12":{"start":{"line":33,"column":6},"end":{"line":33,"column":18}},"13":{"start":{"line":35,"column":4},"end":{"line":35,"column":29}},"14":{"start":{"line":38,"column":2},"end":{"line":40,"column":9}},"15":{"start":{"line":39,"column":4},"end":{"line":39,"column":16}},"16":{"start":{"line":42,"column":2},"end":{"line":51,"column":4}},"17":{"start":{"line":48,"column":12},"end":{"line":48,"column":54}},"18":{"start":{"line":53,"column":32},"end":{"line":56,"column":17}},"19":{"start":{"line":58,"column":0},"end":{"line":62,"column":2}},"20":{"start":{"line":63,"column":0},"end":{"line":67,"column":2}},"21":{"start":{"line":69,"column":25},"end":{"line":69,"column":39}}},"fnMap":{"0":{"name":"(anonymous_0)","decl":{"start":{"line":9,"column":24},"end":{"line":9,"column":25}},"loc":{"start":{"line":9,"column":46},"end":{"line":12,"column":1}},"line":9},"1":{"name":"(anonymous_1)","decl":{"start":{"line":14,"column":27},"end":{"line":14,"column":28}},"loc":{"start":{"line":14,"column":39},"end":{"line":18,"column":1}},"line":14},"2":{"name":"(anonymous_2)","decl":{"start":{"line":16,"column":13},"end":{"line":16,"column":14}},"loc":{"start":{"line":16,"column":35},"end":{"line":16,"column":70}},"line":16},"3":{"name":"(anonymous_3)","decl":{"start":{"line":20,"column":23},"end":{"line":20,"column":24}},"loc":{"start":{"line":20,"column":53},"end":{"line":52,"column":1}},"line":20},"4":{"name":"loadRepos","decl":{"start":{"line":21,"column":11},"end":{"line":21,"column":20}},"loc":{"start":{"line":21,"column":23},"end":{"line":26,"column":3}},"line":21},"5":{"name":"(anonymous_5)","decl":{"start":{"line":28,"column":29},"end":{"line":28,"column":30}},"loc":{"start":{"line":28,"column":35},"end":{"line":36,"column":3}},"line":28},"6":{"name":"(anonymous_6)","decl":{"start":{"line":38,"column":12},"end":{"line":38,"column":13}},"loc":{"start":{"line":38,"column":18},"end":{"line":40,"column":3}},"line":38},"7":{"name":"(anonymous_7)","decl":{"start":{"line":46,"column":20},"end":{"line":46,"column":21}},"loc":{"start":{"line":48,"column":12},"end":{"line":48,"column":54}},"line":48}},"branchMap":{"0":{"loc":{"start":{"line":29,"column":4},"end":{"line":34,"column":5}},"type":"if","locations":[{"start":{"line":29,"column":4},"end":{"line":34,"column":5}},{"start":{"line":29,"column":4},"end":{"line":34,"column":5}}],"line":29},"1":{"loc":{"start":{"line":44,"column":7},"end":{"line":49,"column":12}},"type":"cond-expr","locations":[{"start":{"line":45,"column":10},"end":{"line":45,"column":17}},{"start":{"line":46,"column":10},"end":{"line":49,"column":12}}],"line":44}},"s":{"0":1,"1":0,"2":1,"3":0,"4":0,"5":1,"6":0,"7":0,"8":0,"9":0,"10":0,"11":0,"12":0,"13":0,"14":0,"15":0,"16":0,"17":0,"18":1,"19":1,"20":1,"21":1},"f":{"0":0,"1":0,"2":0,"3":0,"4":0,"5":0,"6":0,"7":0},"b":{"0":[0,0],"1":[0,0]},"_coverageSchema":"43e27e138ebf9cfc5966b082cf9a028302ed4184","hash":"4b9ad46184dd44527a42167ae59f00ebac5110ef"}
,"D:\\united-remote\\src\\constants\\action-types.js": {"path":"D:\\united-remote\\src\\constants\\action-types.js","statementMap":{"0":{"start":{"line":1,"column":27},"end":{"line":1,"column":40}},"1":{"start":{"line":2,"column":25},"end":{"line":2,"column":36}},"2":{"start":{"line":3,"column":24},"end":{"line":3,"column":34}}},"fnMap":{},"branchMap":{},"s":{"0":3,"1":3,"2":3},"f":{},"b":{},"_coverageSchema":"43e27e138ebf9cfc5966b082cf9a028302ed4184","hash":"8612632a12d28af4114b1c77d00e4718b42ff344"}
,"D:\\united-remote\\src\\reducers\\index.js": {"path":"D:\\united-remote\\src\\reducers\\index.js","statementMap":{"0":{"start":{"line":3,"column":21},"end":{"line":7,"column":1}},"1":{"start":{"line":10,"column":2},"end":{"line":21,"column":3}},"2":{"start":{"line":12,"column":6},"end":{"line":16,"column":8}},"3":{"start":{"line":18,"column":6},"end":{"line":18,"column":48}},"4":{"start":{"line":20,"column":6},"end":{"line":20,"column":19}}},"fnMap":{"0":{"name":"rootReducer","decl":{"start":{"line":9,"column":9},"end":{"line":9,"column":20}},"loc":{"start":{"line":9,"column":51},"end":{"line":22,"column":1}},"line":9}},"branchMap":{"0":{"loc":{"start":{"line":9,"column":21},"end":{"line":9,"column":41}},"type":"default-arg","locations":[{"start":{"line":9,"column":29},"end":{"line":9,"column":41}}],"line":9},"1":{"loc":{"start":{"line":10,"column":2},"end":{"line":21,"column":3}},"type":"switch","locations":[{"start":{"line":11,"column":4},"end":{"line":16,"column":8}},{"start":{"line":17,"column":4},"end":{"line":18,"column":48}},{"start":{"line":19,"column":4},"end":{"line":20,"column":19}}],"line":10}},"s":{"0":1,"1":1,"2":1,"3":0,"4":0},"f":{"0":1},"b":{"0":[0],"1":[1,0,0]},"_coverageSchema":"43e27e138ebf9cfc5966b082cf9a028302ed4184","hash":"bbf6906abec44a7728a539c88987361ef2badc42"}
}
