TN:
SF:D:\united-remote\src\actions\index.js
FN:6,getData
FN:7,(anonymous_1)
FN:14,(anonymous_2)
FN:17,(anonymous_3)
FNF:4
FNH:3
FNDA:1,getData
FNDA:1,(anonymous_1)
FNDA:1,(anonymous_2)
FNDA:0,(anonymous_3)
DA:7,1
DA:8,1
DA:15,1
DA:18,0
LF:4
LH:3
BRF:0
BRH:0
end_of_record
TN:
SF:D:\united-remote\src\components\RepositoryCard.jsx
FN:17,(anonymous_0)
FNF:1
FNH:0
FNDA:0,(anonymous_0)
DA:6,2
DA:9,2
DA:12,2
DA:17,2
DA:25,0
DA:49,2
DA:58,2
LF:7
LH:6
BRF:0
BRH:0
end_of_record
TN:
SF:D:\united-remote\src\components\RepositoryList.jsx
FN:9,(anonymous_0)
FN:14,(anonymous_1)
FN:16,(anonymous_2)
FN:20,(anonymous_3)
FN:21,loadRepos
FN:28,(anonymous_5)
FN:38,(anonymous_6)
FN:46,(anonymous_7)
FNF:8
FNH:0
FNDA:0,(anonymous_0)
FNDA:0,(anonymous_1)
FNDA:0,(anonymous_2)
FNDA:0,(anonymous_3)
FNDA:0,loadRepos
FNDA:0,(anonymous_5)
FNDA:0,(anonymous_6)
FNDA:0,(anonymous_7)
DA:9,1
DA:14,1
DA:15,0
DA:16,0
DA:20,1
DA:22,0
DA:23,0
DA:24,0
DA:25,0
DA:28,0
DA:29,0
DA:33,0
DA:35,0
DA:38,0
DA:39,0
DA:42,0
DA:48,0
DA:53,1
DA:58,1
DA:63,1
DA:69,1
LF:21
LH:7
BRDA:29,0,0,0
BRDA:29,0,1,0
BRDA:44,1,0,0
BRDA:44,1,1,0
BRF:4
BRH:0
end_of_record
TN:
SF:D:\united-remote\src\constants\action-types.js
FNF:0
FNH:0
DA:1,3
DA:2,3
DA:3,3
LF:3
LH:3
BRF:0
BRH:0
end_of_record
TN:
SF:D:\united-remote\src\reducers\index.js
FN:9,rootReducer
FNF:1
FNH:1
FNDA:1,rootReducer
DA:3,1
DA:10,1
DA:12,1
DA:18,0
DA:20,0
LF:5
LH:3
BRDA:9,0,0,0
BRDA:10,1,0,1
BRDA:10,1,1,0
BRDA:10,1,2,0
BRF:4
BRH:1
end_of_record
